PROF NODALL 0 a.out 1247069039 0
h n12 15829 0 1
t 1 7
p 0
f builder.f90
r builder 277 15 1 17639.2 13812.9 0 0
l 15 0 1 2.88486e-05 2.88486e-05 509 0
l 15 1 1 8.70228e-05 8.70228e-05 2 0
l 15 2 1 0.669789 0.00113487 3 0
l 15 3 1 7.86781e-06 7.86781e-06 474 0
l 111 0 16 9.60827e-05 9.60827e-05 4 0
l 115 0 1 8.10623e-06 8.10623e-06 5 0
l 116 0 1 9.77516e-06 9.77516e-06 223 0
l 116 1 1 1.12057e-05 1.12057e-05 224 0
l 116 2 2 1.38283e-05 1.38283e-05 225 0
l 116 3 1 1.09673e-05 1.09673e-05 226 0
l 116 7 1 1.00136e-05 1.00136e-05 82 0
l 116 8 1 1.12057e-05 1.12057e-05 167 0
l 117 0 1 1.09673e-05 1.09673e-05 45 0
l 117 1 1 1.38283e-05 1.38283e-05 228 0
l 117 2 1 1.00136e-05 1.00136e-05 229 0
l 117 3 2 1.09673e-05 1.09673e-05 230 0
l 117 4 1 1.40667e-05 1.40667e-05 231 0
l 117 8 1 9.05991e-06 9.05991e-06 26 0
l 117 9 1 1.28746e-05 1.28746e-05 160 0
l 117 10 1 0.0214241 0.000206947 71 0
l 117 11 1 8.10623e-06 8.10623e-06 490 0
l 136 0 32 3.02792e-05 3.02792e-05 10 0
l 136 1 32 2.31266e-05 2.31266e-05 464 0
l 136 2 28800 0.0123365 0.0123365 11 0
l 136 3 28800 0.311235 0.311235 12 0
l 136 4 28800 0.0125837 0.0125837 13 0
l 136 5 32 3.67165e-05 3.67165e-05 14 0
l 136 6 1 1.5974e-05 1.5974e-05 15 0
l 136 7 1 1.28746e-05 1.28746e-05 487 0
l 136 8 32 4.93526e-05 4.93526e-05 16 0
l 136 9 32 3.76701e-05 3.76701e-05 462 0
l 136 10 28800 0.0125194 0.0125194 17 0
l 136 11 28800 0.309611 0.309611 18 0
l 136 12 28800 0.0125101 0.0125101 19 0
l 136 13 32 4.95911e-05 4.95911e-05 20 0
l 136 14 1 1.50204e-05 1.50204e-05 21 0
l 136 15 1 1.38283e-05 1.38283e-05 460 0
l 136 16 900 0.000397921 0.000397921 22 0
l 136 17 900 0.00930381 0.00930381 23 0
l 136 18 900 0.000414371 0.000414371 24 0
l 136 19 1 0.000138998 0.000138998 25 0
l 136 20 1 1.19209e-05 1.19209e-05 507 0
l 154 0 3 2.31266e-05 2.31266e-05 28 0
l 154 1 3 1.4782e-05 1.4782e-05 505 0
l 159 0 9 2.81334e-05 2.81334e-05 29 0
l 159 1 9 2.28882e-05 2.28882e-05 503 0
l 164 0 27 9.84102 9.84102 30 0
l 190 0 5400 0.00229931 0.00229931 37 0
l 191 0 1080000 0.419088 0.419088 38 0
l 191 1 1080000 0.43183 0.43183 458 0
l 193 0 17280000 8.45257 8.45257 150 0
l 193 1 1080000 0.452909 0.452909 148 0
l 206 0 42336 0.0175595 0.0175595 41 0
l 206 1 1080000 10.364 10.364 42 0
l 208 0 5400 0.00235939 0.00235939 43 0
l 209 0 27 3825.59 0.00130987 44 0
l 209 1 27 1.93119e-05 1.93119e-05 143 0
l 209 2 27 2.12193e-05 2.12193e-05 137 0
l 209 3 27 1.88351e-05 1.88351e-05 455 0
l 214 0 24300 0.00718999 0.00718999 134 0
l 214 1 27 2.14577e-05 2.14577e-05 59 0
l 214 2 27 1.81198e-05 1.81198e-05 501 0
l 222 0 5400 6.57569 6.57569 49 0
l 222 1 5400 0.0042448 0.0042448 100 0
l 222 2 5400 0.00319195 0.00319195 101 0
l 227 0 5400 0.00203729 0.00203729 115 0
l 227 1 5400 0.00325227 0.00325227 123 0
l 227 16 5400 0.0025537 0.0025537 522 0
l 227 17 5400 0.00280714 0.00280714 55 0
l 227 18 5400 0.00218177 0.00218177 110 0
l 227 19 5400 0.002074 0.002074 107 0
l 227 20 5400 0.00249362 0.00249362 108 0
l 227 21 5400 0.00278521 0.00278521 485 0
l 231 0 4860000 1.12858 1.12858 99 0
l 232 0 4860000 1.13305 1.13305 135 0
l 232 1 4860000 1.13728 1.13728 105 0
l 232 18 4860000 1.1298 1.1298 513 0
l 232 19 4860000 1.12522 1.12522 7 0
l 232 20 4860000 1.13532 1.13532 27 0
l 232 21 5400 0.00270176 0.00270176 371 0
l 232 22 4860000 1.13025 1.13025 144 0
l 232 23 4860000 1.14642 1.14642 294 0
l 232 24 1093500000 266.741 266.741 295 0
l 232 25 4860000 1.13075 1.13075 296 0
l 232 30 5400 0.00253415 0.00253415 95 0
l 232 31 5400 0.00274634 0.00274634 9 0
l 232 32 5400 0.00334048 0.00334048 483 0
l 236 0 4860000 1.13258 1.13258 32 0
l 236 1 4860000 1.13407 1.13407 145 0
l 236 11 4860000 1.13717 1.13717 147 0
l 236 22 4860000 1.1318 1.1318 46 0
l 236 23 4860000 1.14247 1.14247 6 0
l 236 24 5400 0.00232458 0.00232458 372 0
l 236 25 4860000 1.13503 1.13503 158 0
l 236 27 4860000 1.13954 1.13954 312 0
l 236 28 544320000 139.149 139.149 314 0
l 236 29 4860000 1.13115 1.13115 315 0
l 236 30 4860000 1.15014 1.15014 434 0
l 236 31 19440000 4.64539 4.64539 153 0
l 236 32 4860000 1.13004 1.13004 373 0
l 236 41 5400 0.0032115 0.0032115 35 0
l 236 42 5400 0.00211954 0.00211954 34 0
l 240 0 5400 0.00412011 0.00412011 60 0
l 240 1 5400 0.0020225 0.0020225 61 0
l 240 2 5400 0.00350761 0.00350761 498 0
l 240 3 5400 0.00208521 0.00208521 130 0
l 240 4 5400 0.00464773 0.00464773 198 0
l 240 23 5400 0.00261354 0.00261354 521 0
l 240 24 5400 0.00267076 0.00267076 50 0
l 240 25 5400 0.00259805 0.00259805 496 0
l 243 0 4860000 1.19016 1.19016 53 0
l 243 1 77760000 18.1376 18.1376 57 0
l 243 2 77760000 18.0728 18.0728 202 0
l 243 12 77760000 18.0535 18.0535 200 0
l 243 23 77760000 18.1493 18.1493 70 0
l 243 24 77760000 18.1992 18.1992 62 0
l 243 25 4860000 1.1538 1.1538 374 0
l 243 26 77760000 18.0747 18.0747 208 0
l 243 28 77760000 18.3569 18.3569 347 0
l 243 29 8709120000 10635.3 10635.3 349 0
l 243 30 77760000 18.0578 18.0578 350 0
l 243 31 77760000 18.3444 18.3444 410 0
l 243 32 311040000 74.1514 74.1514 209 0
l 243 33 77760000 18.0292 18.0292 375 0
l 243 42 4860000 1.20584 1.20584 126 0
l 243 43 5400 0.00270176 0.00270176 56 0
l 243 44 5400 0.00254917 0.00254917 494 0
l 244 0 4860000 1.17894 1.17894 64 0
l 244 1 77760000 18.0273 18.0273 68 0
l 244 2 77760000 18.0184 18.0184 214 0
l 244 12 77760000 18.1093 18.1093 212 0
l 244 23 77760000 18.101 18.101 80 0
l 244 24 77760000 18.144 18.144 83 0
l 244 25 4860000 1.15288 1.15288 376 0
l 244 26 77760000 18.0272 18.0272 220 0
l 244 28 77760000 18.154 18.154 366 0
l 244 29 8709120000 2186.06 2186.06 368 0
l 244 30 77760000 18.0497 18.0497 369 0
l 244 31 77760000 18.3164 18.3164 398 0
l 244 32 311040000 73.9762 73.9762 221 0
l 244 33 77760000 18.1201 18.1201 377 0
l 244 42 4860000 1.19843 1.19843 81 0
l 244 43 5400 0.00229311 0.00229311 67 0
l 244 44 5400 0.00411034 0.00411034 378 0
l 244 51 5400 0.00275397 0.00275397 196 0
l 244 52 5400 0.00261784 0.00261784 329 0
l 244 53 21600 0.0100782 0.0100782 330 0
l 244 54 5400 0.00320482 0.00320482 331 0
l 244 59 5400 0.00251055 0.00251055 132 0
l 245 0 5400 0.00393486 0.00393486 133 0
l 245 1 27 3.43323e-05 3.43323e-05 380 0
l 245 2 5400 0.00206351 0.00206351 113 0
l 245 3 5400 0.00254869 0.00254869 282 0
l 245 4 1215000 0.334116 0.334116 283 0
l 245 5 5400 0.00244164 0.00244164 284 0
l 246 0 27 0.0250726 0.0250726 72 0
l 250 0 9 1.66893e-05 1.66893e-05 73 0
l 251 0 3 9.05991e-06 9.05991e-06 74 0
l 252 0 1 0.000926971 0.000926971 75 0
l 260 0 1 8.10623e-06 8.10623e-06 76 0
l 260 1 1 3.8147e-06 3.8147e-06 77 0
l 260 2 1 5.00679e-06 5.00679e-06 492 0
l 261 0 900 0.00035429 0.00035429 78 0
l 261 1 900 0.00045681 0.00045681 161 0
l 261 2 900 0.000327587 0.000327587 162 0
l 261 3 900 0.000518799 0.000518799 477 0
l 263 0 810000 0.26901 0.26901 181 0
l 265 0 810000 0.266119 0.266119 263 0
l 265 1 810000 0.286702 0.286702 264 0
l 265 2 1620000 2.10342 2.10342 265 0
l 265 3 810000 0.267268 0.267268 266 0
l 265 7 810000 0.268833 0.268833 187 0
l 265 8 810000 0.298772 0.298772 188 0
l 265 9 900 0.0588367 0.0588367 184 0
l 265 10 900 0.000562668 0.000562668 164 0
l 265 11 900 0.000400066 0.000400066 165 0
l 274 0 900 0.000383854 0.000383854 268 0
l 274 1 900 0.000478268 0.000478268 269 0
l 274 2 100800 0.0422041 0.0422041 270 0
l 274 3 900 0.000701427 0.000701427 271 0
l 274 4 900 0.00048399 0.00048399 272 0
l 274 5 900 0.000698566 0.000698566 382 0
l 274 6 3600 0.00143647 0.00143647 190 0
l 274 7 900 0.000439882 0.000439882 191 0
l 274 8 900 0.000449181 0.000449181 192 0
l 278 0 1 0.000104904 0.000104904 85 0
l 284 0 900 0.0476582 0.0476582 86 0
l 286 0 1 0.00131392 0.00131392 87 0
f getomega.f90
r getomega 19 1 1 8.41618e-05 8.41618e-05 0 0
l 1 0 1 4.50611e-05 4.50611e-05 8 0
l 1 1 1 1.50204e-05 1.50204e-05 2 0
l 19 0 1 2.40803e-05 2.40803e-05 9 0
f intval.f90
r intval 47 3 900 0.658436 0.658436 0 0
l 3 0 900 0.000830412 0.000830412 31 0
l 3 1 900 0.000931025 0.000931025 3 0
l 16 0 900 0.000413179 0.000413179 4 0
l 45 0 900 0.000422239 0.000422239 27 0
l 47 0 900 0.00066638 0.00066638 28 0
l 47 1 900 0.000395536 0.000395536 23 0
l 47 2 900 0.000419378 0.000419378 24 0
l 47 3 1501488 0.653149 0.653149 25 0
l 47 4 900 0.000416517 0.000416517 26 0
l 47 13 900 0.00041461 0.00041461 32 0
l 49 0 900 0.000377417 0.000377417 29 0
f mkvipt.f90
r mkvipt 24 1 1 0.66857 0.010134 0 0
l 1 0 1 3.09944e-05 3.09944e-05 16 0
l 1 1 1 1.50204e-05 1.50204e-05 2 0
l 1 2 1 7.70092e-05 7.70092e-05 3 0
l 1 3 1 1.50204e-05 1.50204e-05 14 0
l 14 0 2000 0.00906396 0.00906396 4 0
l 16 0 1 3.00407e-05 3.00407e-05 5 0
l 16 1 1 1.19209e-05 1.19209e-05 12 0
l 18 0 900 0.659264 0.000828028 6 0
l 20 0 1 1.78814e-05 1.78814e-05 7 0
l 24 1 1 9.05991e-06 9.05991e-06 9 0
l 24 3 1 1.81198e-05 1.81198e-05 17 0
l 24 4 1 1.69277e-05 1.69277e-05 11 0
f rdp.f90
r rdp 10 1 19440000 3739.64 3739.64 0 0
l 1 0 19440000 9.18652 9.18652 60 0
l 1 1 19440000 4.6429 4.6429 2 0
l 1 2 19440000 4.66157 4.66157 3 0
l 7 0 19440000 4.59271 4.59271 15 0
l 7 10 900000 0.216493 0.216493 63 0
l 7 11 900000 0.214207 0.214207 64 0
l 7 12 19440000 4.6137 4.6137 11 0
l 7 13 19440000 4.70127 4.70127 12 0
l 7 14 19440000 4.6564 4.6564 13 0
l 7 15 4320000 1.07993 1.07993 29 0
l 7 16 2160000 0.576656 0.576656 30 0
l 7 17 4320000 1.05238 1.05238 31 0
l 7 18 3259800000 812.913 812.913 33 0
l 7 19 4320000 1.04543 1.04543 34 0
l 7 20 3420000 0.831781 0.831781 54 0
l 7 21 15840000 3.78526 3.78526 14 0
l 7 22 3420000 0.812986 0.812986 20 0
l 7 23 15120000 3.65212 3.65212 21 0
l 7 24 2160000 0.566648 0.566648 42 0
l 7 25 15120000 3.62049 3.62049 43 0
l 7 26 11403000000 2840.16 2840.16 45 0
l 7 27 15120000 3.62523 3.62523 46 0
l 7 28 13500000 3.29536 3.29536 57 0
l 7 29 53280000 12.6114 12.6114 22 0
l 7 30 13500000 3.18982 3.18982 48 0
l 7 39 19440000 4.61406 4.61406 62 0
l 10 0 19440000 4.71827 4.71827 6 0
f realu2.f90
r realu2 40 1 27 3825.59 85.9511 0 0
l 1 0 27 0.000107765 0.000107765 103 0
l 1 1 27 0.000831604 0.000831604 2 0
l 1 2 27 3.67165e-05 3.67165e-05 3 0
l 1 3 27 5.34058e-05 5.34058e-05 101 0
l 14 0 163022 0.196863 0.196863 28 0
l 14 1 163022 0.0522296 0.0522296 94 0
l 20 0 146719800 72.6633 72.6633 6 0
l 20 1 163022 0.0563092 0.0563092 9 0
l 20 2 27 2.90871e-05 2.90871e-05 10 0
l 20 3 27 2.28882e-05 2.28882e-05 99 0
l 27 0 5400 0.00126672 0.00126672 27 0
l 27 1 5400 0.00131965 0.00131965 4 0
l 27 22 5400 0.00130177 0.00130177 37 0
l 27 23 5400 0.00121236 0.00121236 38 0
l 27 24 27 1.4782e-05 1.4782e-05 76 0
l 27 25 5400 0.00130296 0.00130296 25 0
l 27 26 5400 0.00121117 0.00121117 44 0
l 27 43 5400 0.00129318 0.00129318 42 0
l 27 45 5400 0.00130844 0.00130844 71 0
l 27 46 604800 0.156416 0.156416 73 0
l 27 47 5400 0.00123596 0.00123596 74 0
l 27 48 5400 0.00133777 0.00133777 88 0
l 27 49 21600 0.0051353 0.0051353 43 0
l 27 50 5400 0.00129485 0.00129485 24 0
l 27 51 27 2.45571e-05 2.45571e-05 14 0
l 27 52 27 1.57356e-05 1.57356e-05 15 0
l 27 53 27 2.69413e-05 2.69413e-05 97 0
l 28 0 5400 0.00308228 0.00308228 18 0
l 28 1 5400 0.00255418 0.00255418 78 0
l 29 0 4860000 3752.2 12.5593 19 0
l 36 0 5400 0.0354421 0.0354421 20 0
l 37 0 27 0.205169 0.205169 21 0
l 40 0 27 4.62532e-05 4.62532e-05 22 0
f vcbder2.f90
r vcbder2 82 1 1 0.0212171 0.0212171 0 0
l 1 0 1 2.5034e-05 2.5034e-05 7 0
l 1 1 1 1.50204e-05 1.50204e-05 2 0
l 1 2 1 7.70092e-05 7.70092e-05 3 0
l 30 0 1 1.40667e-05 1.40667e-05 4 0
l 33 0 1 0.0114429 0.0114429 6 0
l 33 1 1 1.09673e-05 1.09673e-05 39 0
l 53 0 27 1.69277e-05 1.69277e-05 48 0
l 53 1 27 2.38419e-05 2.38419e-05 51 0
l 54 0 108 6.10352e-05 6.10352e-05 34 0
l 54 2 108 6.58035e-05 6.58035e-05 27 0
l 54 3 3 1.3113e-05 1.3113e-05 11 0
l 54 4 3 1.19209e-05 1.19209e-05 13 0
l 54 5 108 5.74589e-05 5.74589e-05 16 0
l 54 6 108 5.57899e-05 5.57899e-05 15 0
l 54 7 27 2.67029e-05 2.67029e-05 10 0
l 54 8 27 2.40803e-05 2.40803e-05 31 0
l 62 0 5292 0.00231814 0.00231814 18 0
l 62 2 5292 0.00232267 0.00232267 22 0
l 62 3 1 1.12057e-05 1.12057e-05 25 0
l 62 4 1 1.00136e-05 1.00136e-05 26 0
l 62 5 5292 0.00229025 0.00229025 20 0
l 62 6 5292 0.00225353 0.00225353 59 0
l 62 7 27 2.95639e-05 2.95639e-05 24 0
l 62 8 1 9.05991e-06 9.05991e-06 37 0
l 82 1 1 1.69277e-05 1.69277e-05 40 0
l 82 2 1 1.40667e-05 1.40667e-05 30 0
z
